<?xml version="1.0" encoding="utf-8"?>
<TestRun id="93bfc9a5-2254-43d4-a906-6f15f0b411d7" name="ErikLieben@MAINSYSTEM 2025-12-08 09:07:02" runUser="AzureAD\ErikLieben" xmlns="http://microsoft.com/schemas/VisualStudio/TeamTest/2010">
  <Times creation="2025-12-08T09:07:02.1950031+01:00" queuing="2025-12-08T09:07:02.1950033+01:00" start="2025-12-08T09:07:01.8445878+01:00" finish="2025-12-08T09:07:02.1953098+01:00" />
  <TestSettings name="default" id="a6fda6a3-5387-4a6e-ad69-df04893faf50">
    <Deployment runDeploymentRoot="ErikLieben_MAINSYSTEM_2025-12-08_09_07_02" />
  </TestSettings>
  <TestLists>
    <TestList name="Results Not in a List" id="8c84fa94-04c1-424b-9868-57a2d4851a1d" />
    <TestList name="All Loaded Results" id="19431567-8539-422a-85d7-44ee4e166bda" />
  </TestLists>
  <ResultSummary outcome="Completed">
    <Counters total="0" executed="0" passed="0" failed="0" error="0" timeout="0" aborted="0" inconclusive="0" passedButRunAborted="0" notRunnable="0" notExecuted="0" disconnected="0" warning="0" completed="0" inProgress="0" pending="0" />
    <Output>
      <StdOut>[xUnit.net 00:00:00.00] xUnit.net VSTest Adapter v3.1.5+1b188a7b0a (64-bit .NET 9.0.11)&#xD;
[xUnit.net 00:00:00.04]   Discovering: ErikLieben.FA.ES.CosmosDb.Tests&#xD;
[xUnit.net 00:00:00.07]   Discovered:  ErikLieben.FA.ES.CosmosDb.Tests&#xD;
</StdOut>
    </Output>
    <RunInfos>
      <RunInfo computerName="MAINSYSTEM" outcome="Warning" timestamp="2025-12-08T09:07:02.1563540+01:00">
        <Text>No test matches the given testcase filter `Category\!=Integration` in D:\ErikLieben.FA.ES\test\ErikLieben.FA.ES.CosmosDb.Tests\bin\Debug\net9.0\ErikLieben.FA.ES.CosmosDb.Tests.dll</Text>
      </RunInfo>
    </RunInfos>
  </ResultSummary>
</TestRun>